# JRE version: OpenJDK Runtime Environment Temurin-17.0.4.1+1 (17.0.4.1+1) (build 17.0.4.1+1)
# Java VM: OpenJDK 64-Bit Server VM Temurin-17.0.4.1+1 (17.0.4.1+1, mixed mode, tiered, compressed oops, compressed class ptrs, g1 gc, windows-amd64)
GC Precious Log:
 CPUs: 4 total, 4 available
 Memory: 8075M
 Large Page Support: Disabled
 NUMA Support: Disabled
 Compressed Oops: Enabled (32-bit)
 Heap Region Size: 1M
 Heap Min Capacity: 8M
 Heap Initial Capacity: 128M
 Heap Max Capacity: 2020M
 Pre-touch: Disabled
 Parallel Workers: 4
 Concurrent Workers: 1
 Concurrent Refinement Workers: 4
 Periodic GC: Disabled
Heap:
 garbage-first heap   total 106496K, used 56666K [0x0000000081c00000, 0x0000000100000000)
  region size 1024K, 23 young (23552K), 3 survivors (3072K)
 Metaspace       used 97482K, committed 98752K, reserved 1138688K
  class space    used 11667K, committed 12224K, reserved 1048576K
GC Heap History (20 events):
Event: 4038.954 GC heap before
{Heap before GC invocations=135 (full 21):
 garbage-first heap   total 106496K, used 85458K [0x0000000081c00000, 0x0000000100000000)
  region size 1024K, 50 young (51200K), 3 survivors (3072K)
 Metaspace       used 97477K, committed 98752K, reserved 1138688K
  class space    used 11667K, committed 12224K, reserved 1048576K
}
Event: 4038.958 GC heap after
{Heap after GC invocations=136 (full 21):
 garbage-first heap   total 106496K, used 37299K [0x0000000081c00000, 0x0000000100000000)
  region size 1024K, 3 young (3072K), 3 survivors (3072K)
 Metaspace       used 97477K, committed 98752K, reserved 1138688K
  class space    used 11667K, committed 12224K, reserved 1048576K
}
Event: 4174.538 GC heap before
{Heap before GC invocations=136 (full 21):
 garbage-first heap   total 106496K, used 86451K [0x0000000081c00000, 0x0000000100000000)
  region size 1024K, 51 young (52224K), 3 survivors (3072K)
 Metaspace       used 97477K, committed 98752K, reserved 1138688K
  class space    used 11667K, committed 12224K, reserved 1048576K
}
Event: 4174.542 GC heap after
{Heap after GC invocations=137 (full 21):
 garbage-first heap   total 106496K, used 37213K [0x0000000081c00000, 0x0000000100000000)
  region size 1024K, 3 young (3072K), 3 survivors (3072K)
 Metaspace       used 97477K, committed 98752K, reserved 1138688K
  class space    used 11667K, committed 12224K, reserved 1048576K
}
Event: 4315.701 GC heap before
{Heap before GC invocations=137 (full 21):
 garbage-first heap   total 106496K, used 87389K [0x0000000081c00000, 0x0000000100000000)
  region size 1024K, 52 young (53248K), 3 survivors (3072K)
 Metaspace       used 97477K, committed 98752K, reserved 1138688K
  class space    used 11667K, committed 12224K, reserved 1048576K
}
Event: 4315.707 GC heap after
{Heap after GC invocations=138 (full 21):
 garbage-first heap   total 106496K, used 37250K [0x0000000081c00000, 0x0000000100000000)
  region size 1024K, 3 young (3072K), 3 survivors (3072K)
 Metaspace       used 97477K, committed 98752K, reserved 1138688K
  class space    used 11667K, committed 12224K, reserved 1048576K
}
Event: 4460.104 GC heap before
{Heap before GC invocations=138 (full 21):
 garbage-first heap   total 106496K, used 88450K [0x0000000081c00000, 0x0000000100000000)
  region size 1024K, 53 young (54272K), 3 survivors (3072K)
 Metaspace       used 97480K, committed 98752K, reserved 1138688K
  class space    used 11667K, committed 12224K, reserved 1048576K
}
Event: 4460.118 GC heap after
{Heap after GC invocations=139 (full 21):
 garbage-first heap   total 106496K, used 37180K [0x0000000081c00000, 0x0000000100000000)
  region size 1024K, 3 young (3072K), 3 survivors (3072K)
 Metaspace       used 97480K, committed 98752K, reserved 1138688K
  class space    used 11667K, committed 12224K, reserved 1048576K
}
Event: 4605.133 GC heap before
{Heap before GC invocations=139 (full 21):
 garbage-first heap   total 106496K, used 88380K [0x0000000081c00000, 0x0000000100000000)
  region size 1024K, 53 young (54272K), 3 survivors (3072K)
 Metaspace       used 97480K, committed 98752K, reserved 1138688K
  class space    used 11667K, committed 12224K, reserved 1048576K
}
Event: 4605.139 GC heap after
{Heap after GC invocations=140 (full 21):
 garbage-first heap   total 106496K, used 37298K [0x0000000081c00000, 0x0000000100000000)
  region size 1024K, 3 young (3072K), 3 survivors (3072K)
 Metaspace       used 97480K, committed 98752K, reserved 1138688K
  class space    used 11667K, committed 12224K, reserved 1048576K
}
Event: 4750.072 GC heap before
{Heap before GC invocations=140 (full 21):
 garbage-first heap   total 106496K, used 88498K [0x0000000081c00000, 0x0000000100000000)
  region size 1024K, 53 young (54272K), 3 survivors (3072K)
 Metaspace       used 97480K, committed 98752K, reserved 1138688K
  class space    used 11667K, committed 12224K, reserved 1048576K
}
Event: 4750.077 GC heap after
{Heap after GC invocations=141 (full 21):
 garbage-first heap   total 106496K, used 37172K [0x0000000081c00000, 0x0000000100000000)
  region size 1024K, 3 young (3072K), 3 survivors (3072K)
 Metaspace       used 97480K, committed 98752K, reserved 1138688K
  class space    used 11667K, committed 12224K, reserved 1048576K
}
Event: 4892.292 GC heap before
{Heap before GC invocations=141 (full 21):
 garbage-first heap   total 106496K, used 88372K [0x0000000081c00000, 0x0000000100000000)
  region size 1024K, 53 young (54272K), 3 survivors (3072K)
 Metaspace       used 97480K, committed 98752K, reserved 1138688K
  class space    used 11667K, committed 12224K, reserved 1048576K
}
Event: 4892.306 GC heap after
{Heap after GC invocations=142 (full 21):
 garbage-first heap   total 106496K, used 37335K [0x0000000081c00000, 0x0000000100000000)
  region size 1024K, 3 young (3072K), 3 survivors (3072K)
 Metaspace       used 97480K, committed 98752K, reserved 1138688K
  class space    used 11667K, committed 12224K, reserved 1048576K
}
Event: 5035.223 GC heap before
{Heap before GC invocations=142 (full 21):
 garbage-first heap   total 106496K, used 88535K [0x0000000081c00000, 0x0000000100000000)
  region size 1024K, 53 young (54272K), 3 survivors (3072K)
 Metaspace       used 97480K, committed 98752K, reserved 1138688K
  class space    used 11667K, committed 12224K, reserved 1048576K
}
Event: 5035.227 GC heap after
{Heap after GC invocations=143 (full 21):
 garbage-first heap   total 106496K, used 37181K [0x0000000081c00000, 0x0000000100000000)
  region size 1024K, 3 young (3072K), 3 survivors (3072K)
 Metaspace       used 97480K, committed 98752K, reserved 1138688K
  class space    used 11667K, committed 12224K, reserved 1048576K
}
Event: 5177.420 GC heap before
{Heap before GC invocations=143 (full 21):
 garbage-first heap   total 106496K, used 88381K [0x0000000081c00000, 0x0000000100000000)
  region size 1024K, 53 young (54272K), 3 survivors (3072K)
 Metaspace       used 97480K, committed 98752K, reserved 1138688K
  class space    used 11667K, committed 12224K, reserved 1048576K
}
Event: 5177.424 GC heap after
{Heap after GC invocations=144 (full 21):
 garbage-first heap   total 106496K, used 37316K [0x0000000081c00000, 0x0000000100000000)
  region size 1024K, 3 young (3072K), 3 survivors (3072K)
 Metaspace       used 97480K, committed 98752K, reserved 1138688K
  class space    used 11667K, committed 12224K, reserved 1048576K
}
Event: 5321.149 GC heap before
{Heap before GC invocations=144 (full 21):
 garbage-first heap   total 106496K, used 88516K [0x0000000081c00000, 0x0000000100000000)
  region size 1024K, 53 young (54272K), 3 survivors (3072K)
 Metaspace       used 97480K, committed 98752K, reserved 1138688K
  class space    used 11667K, committed 12224K, reserved 1048576K
}
Event: 5321.158 GC heap after
{Heap after GC invocations=145 (full 21):
 garbage-first heap   total 106496K, used 37210K [0x0000000081c00000, 0x0000000100000000)
  region size 1024K, 3 young (3072K), 3 survivors (3072K)
 Metaspace       used 97480K, committed 98752K, reserved 1138688K
  class space    used 11667K, committed 12224K, reserved 1048576K
}

